<?xml version="1.0" encoding="UTF-8"?>
<!-- Generated by org.testng.reporters.JUnitReportReporter -->
<testsuite hostname="Laptop-BharatSingh" failures="0" tests="1" name="DemoTestCase" time="14.863" errors="0" timestamp="2023-10-22T17:15:14 IST" skipped="0">
  <testcase classname="DemoTestCase" name="LearningWaits" time="14.863"/>
</testsuite> <!-- DemoTestCase -->
