<?xml version="1.0" encoding="UTF-8"?>
<!-- Generated by org.testng.reporters.JUnitReportReporter -->
<testsuite hostname="Laptop-BharatSingh" failures="0" tests="3" name="LoginTestCase" time="9.154" errors="0" timestamp="2023-10-15T10:54:47 IST" skipped="0">
  <testcase classname="LoginTestCase" name="LoginTestcase1" time="3.125"/>
  <testcase classname="LoginTestCase" name="LoginTestCase3" time="2.276"/>
  <testcase classname="LoginTestCase" name="LoginTestCase2" time="3.753"/>
</testsuite> <!-- LoginTestCase -->
