<?xml version="1.0" encoding="UTF-8"?>
<!-- Generated by org.testng.reporters.JUnitReportReporter -->
<testsuite hostname="Laptop-BharatSingh" failures="0" tests="4" name="AdminTestCase" time="0.013" errors="0" timestamp="2023-10-15T11:08:39 IST" skipped="0">
  <testcase classname="AdminTestCase" name="AdminTestCase3" time="0.005"/>
  <testcase classname="AdminTestCase" name="AdminTestCase1" time="0.004"/>
  <testcase classname="AdminTestCase" name="AdminTestCase4" time="0.001"/>
  <testcase classname="AdminTestCase" name="AdminTestCase2" time="0.003"/>
</testsuite> <!-- AdminTestCase -->
