<?xml version="1.0" encoding="UTF-8"?>
<!-- Generated by org.testng.reporters.JUnitReportReporter -->
<testsuite hostname="Laptop-BharatSingh" failures="0" tests="4" name="UserTestCase" time="0.022" errors="0" timestamp="2023-10-15T11:21:13 IST" skipped="0">
  <testcase classname="UserTestCase" name="UserTestCase0" time="0.019"/>
  <testcase classname="UserTestCase" name="UserCase1" time="0.001"/>
  <testcase classname="UserTestCase" name="UserTestCase3" time="0.001"/>
  <testcase classname="UserTestCase" name="UserTestCase4" time="0.001"/>
</testsuite> <!-- UserTestCase -->
