<?xml version="1.0" encoding="UTF-8"?>
<!-- Generated by org.testng.reporters.JUnitReportReporter -->
<testsuite hostname="Laptop-BharatSingh" failures="0" tests="1" name="SauceDemoPageObject.TestCase.ProductTestCase" time="4.599" errors="0" timestamp="2023-11-05T13:09:59 IST" skipped="0">
  <testcase classname="SauceDemoPageObject.TestCase.ProductTestCase" name="ProductTestCase1" time="4.599"/>
</testsuite> <!-- SauceDemoPageObject.TestCase.ProductTestCase -->
