<?xml version="1.0" encoding="UTF-8"?>
<!-- Generated by org.testng.reporters.JUnitReportReporter -->
<testsuite hostname="Laptop-BharatSingh" failures="0" tests="2" name="ProductTestCase" time="12.102" errors="0" timestamp="2023-10-15T10:16:07 IST" skipped="0">
  <testcase classname="ProductTestCase" name="ProductTestCase1" time="6.740"/>
  <testcase classname="ProductTestCase" name="ProductTestCase2" time="5.362"/>
</testsuite> <!-- ProductTestCase -->
