<?xml version="1.0" encoding="UTF-8"?>
<!-- Generated by org.testng.reporters.JUnitReportReporter -->
<testsuite hostname="Laptop-BharatSingh" failures="0" tests="3" name="SauceDemoPageObject.TestCase.LoginTestCase" time="18.398" errors="0" timestamp="2023-11-05T13:09:59 IST" skipped="0">
  <testcase classname="SauceDemoPageObject.TestCase.LoginTestCase" name="LoginTest2" time="8.018"/>
  <testcase classname="SauceDemoPageObject.TestCase.LoginTestCase" name="LoginTest3" time="5.531"/>
  <testcase classname="SauceDemoPageObject.TestCase.LoginTestCase" name="LoginTest1" time="4.849"/>
</testsuite> <!-- SauceDemoPageObject.TestCase.LoginTestCase -->
