<?xml version="1.0" encoding="UTF-8"?>
<!-- Generated by org.testng.reporters.JUnitReportReporter -->
<testsuite hostname="Laptop-BharatSingh" failures="0" tests="3" name="SauceDemoPageObject.TestCase.LoginTestCase" time="11.210" errors="0" timestamp="2023-11-05T13:21:47 IST" skipped="0">
  <testcase classname="SauceDemoPageObject.TestCase.LoginTestCase" name="LoginTest1" time="3.520"/>
  <testcase classname="SauceDemoPageObject.TestCase.LoginTestCase" name="LoginTest3" time="3.100"/>
  <testcase classname="SauceDemoPageObject.TestCase.LoginTestCase" name="LoginTest2" time="4.590"/>
</testsuite> <!-- SauceDemoPageObject.TestCase.LoginTestCase -->
