<?xml version="1.0" encoding="UTF-8"?>
<!-- Generated by org.testng.reporters.JUnitReportReporter -->
<testsuite hostname="Laptop-BharatSingh" failures="0" tests="1" name="SauceDemoPageObject.TestCase.ProductTestCase" time="5.166" errors="0" timestamp="2023-11-05T13:21:47 IST" skipped="0">
  <testcase classname="SauceDemoPageObject.TestCase.ProductTestCase" name="ProductTestCase1" time="5.166"/>
</testsuite> <!-- SauceDemoPageObject.TestCase.ProductTestCase -->
